<?xml version="1.0" encoding="UTF-8"?>
<!-- Generated by org.testng.reporters.JUnitXMLReporter -->
<testsuite ignored="0" hostname="DESKTOP-J8D4657" failures="0" tests="5" name="Test" time="44.036" errors="0" timestamp="2021-01-19T16:45:26 EST">
  <testcase classname="TestCases.LoginPageTest" name="validatingLoginPageTest" time="0.017"/>
  <testcase classname="TestCases.LoginPageTest" name="loginFeatureTest" time="5.729"/>
  <testcase classname="TestCases.HomePageTest" name="validatingHomePageTest" time="0.09"/>
  <testcase classname="TestCases.HomePageTest" name="gettingAddCustomerPageTest" time="1.505"/>
  <testcase classname="TestCases.AddCustomerPageTest" name="fullName" time="2.412"/>
</testsuite> <!-- Test -->
