<?xml version="1.0" encoding="UTF-8"?>
<!-- Generated by org.testng.reporters.JUnitXMLReporter -->
<testsuite ignored="0" hostname="DESKTOP-J8D4657" failures="0" tests="5" name="Test" time="30.522" errors="0" timestamp="2021-01-17T17:17:02 EST">
  <testcase classname="TestCases.LoginPageTest" name="validatingLoginPageTest" time="0.039"/>
  <testcase classname="TestCases.LoginPageTest" name="loginFeatureTest" time="1.713"/>
  <testcase classname="TestCases.HomePageTest" name="validatingHomePageTest" time="0.008"/>
  <testcase classname="TestCases.HomePageTest" name="gettingAddCustomerPageTest" time="1.5"/>
  <testcase classname="TestCases.AddCustomerPageTest" name="fullName" time="2.364"/>
</testsuite> <!-- Test -->
