<?xml version="1.0" encoding="UTF-8"?>
<testng-results ignored="0" total="5" passed="5" failed="0" skipped="0">
  <reporter-output>
  </reporter-output>
  <suite started-at="2021-01-17T17:16:32 EST" name="Suite" finished-at="2021-01-17T17:17:02 EST" duration-ms="30522">
    <groups>
    </groups>
    <test started-at="2021-01-17T17:16:32 EST" name="Test" finished-at="2021-01-17T17:17:02 EST" duration-ms="30522">
      <class name="TestCases.AddCustomerPageTest">
        <test-method is-config="true" signature="initilizationBrowsewr()[pri:0, instance:TestCases.AddCustomerPageTest@7a675056]" started-at="2021-01-17T17:16:32 EST" name="initilizationBrowsewr" finished-at="2021-01-17T17:16:41 EST" duration-ms="8850" status="PASS">
          <reporter-output>
          </reporter-output>
        </test-method> <!-- initilizationBrowsewr -->
        <test-method signature="fullName()[pri:1, instance:TestCases.AddCustomerPageTest@7a675056]" started-at="2021-01-17T17:16:59 EST" name="fullName" finished-at="2021-01-17T17:17:01 EST" duration-ms="2364" status="PASS">
          <reporter-output>
          </reporter-output>
        </test-method> <!-- fullName -->
        <test-method is-config="true" signature="tearDown()[pri:0, instance:TestCases.AddCustomerPageTest@7a675056]" started-at="2021-01-17T17:17:01 EST" name="tearDown" finished-at="2021-01-17T17:17:02 EST" duration-ms="1201" status="PASS">
          <reporter-output>
          </reporter-output>
        </test-method> <!-- tearDown -->
      </class> <!-- TestCases.AddCustomerPageTest -->
      <class name="TestCases.HomePageTest">
        <test-method is-config="true" signature="browserInitilization()[pri:0, instance:TestCases.HomePageTest@15ca7889]" started-at="2021-01-17T17:16:41 EST" name="browserInitilization" finished-at="2021-01-17T17:16:49 EST" duration-ms="8397" status="PASS">
          <reporter-output>
          </reporter-output>
        </test-method> <!-- browserInitilization -->
        <test-method signature="validatingHomePageTest()[pri:1, instance:TestCases.HomePageTest@15ca7889]" started-at="2021-01-17T17:16:57 EST" name="validatingHomePageTest" finished-at="2021-01-17T17:16:57 EST" duration-ms="8" status="PASS">
          <reporter-output>
          </reporter-output>
        </test-method> <!-- validatingHomePageTest -->
        <test-method signature="gettingAddCustomerPageTest()[pri:2, instance:TestCases.HomePageTest@15ca7889]" started-at="2021-01-17T17:16:57 EST" name="gettingAddCustomerPageTest" finished-at="2021-01-17T17:16:59 EST" duration-ms="1500" status="PASS">
          <reporter-output>
          </reporter-output>
        </test-method> <!-- gettingAddCustomerPageTest -->
        <test-method is-config="true" signature="tearDown()[pri:0, instance:TestCases.HomePageTest@15ca7889]" started-at="2021-01-17T17:17:02 EST" name="tearDown" finished-at="2021-01-17T17:17:02 EST" duration-ms="0" status="PASS">
          <reporter-output>
          </reporter-output>
        </test-method> <!-- tearDown -->
      </class> <!-- TestCases.HomePageTest -->
      <class name="TestCases.LoginPageTest">
        <test-method is-config="true" signature="launchBrowser()[pri:0, instance:TestCases.LoginPageTest@3c0be339]" started-at="2021-01-17T17:16:49 EST" name="launchBrowser" finished-at="2021-01-17T17:16:56 EST" duration-ms="6413" status="PASS">
          <reporter-output>
          </reporter-output>
        </test-method> <!-- launchBrowser -->
        <test-method signature="validatingLoginPageTest()[pri:1, instance:TestCases.LoginPageTest@3c0be339]" started-at="2021-01-17T17:16:56 EST" name="validatingLoginPageTest" finished-at="2021-01-17T17:16:56 EST" duration-ms="39" status="PASS">
          <reporter-output>
          </reporter-output>
        </test-method> <!-- validatingLoginPageTest -->
        <test-method signature="loginFeatureTest()[pri:2, instance:TestCases.LoginPageTest@3c0be339]" started-at="2021-01-17T17:16:56 EST" name="loginFeatureTest" finished-at="2021-01-17T17:16:57 EST" duration-ms="1713" status="PASS">
          <reporter-output>
          </reporter-output>
        </test-method> <!-- loginFeatureTest -->
        <test-method is-config="true" signature="tearDown()[pri:0, instance:TestCases.LoginPageTest@3c0be339]" started-at="2021-01-17T17:17:02 EST" name="tearDown" finished-at="2021-01-17T17:17:02 EST" duration-ms="0" status="PASS">
          <reporter-output>
          </reporter-output>
        </test-method> <!-- tearDown -->
      </class> <!-- TestCases.LoginPageTest -->
    </test> <!-- Test -->
  </suite> <!-- Suite -->
</testng-results>
