<?xml version="1.0" encoding="UTF-8"?>
<testng-results ignored="0" total="5" passed="5" failed="0" skipped="0">
  <reporter-output>
  </reporter-output>
  <suite started-at="2021-01-19T16:44:42 EST" name="Suite" finished-at="2021-01-19T16:45:26 EST" duration-ms="44036">
    <groups>
    </groups>
    <test started-at="2021-01-19T16:44:42 EST" name="Test" finished-at="2021-01-19T16:45:26 EST" duration-ms="44036">
      <class name="TestCases.AddCustomerPageTest">
        <test-method is-config="true" signature="initilizationBrowsewr()[pri:0, instance:TestCases.AddCustomerPageTest@6497b078]" started-at="2021-01-19T16:44:42 EST" name="initilizationBrowsewr" finished-at="2021-01-19T16:44:55 EST" duration-ms="13045" status="PASS">
          <reporter-output>
          </reporter-output>
        </test-method> <!-- initilizationBrowsewr -->
        <test-method signature="fullName()[pri:1, instance:TestCases.AddCustomerPageTest@6497b078]" started-at="2021-01-19T16:45:23 EST" name="fullName" finished-at="2021-01-19T16:45:25 EST" duration-ms="2412" status="PASS">
          <reporter-output>
          </reporter-output>
        </test-method> <!-- fullName -->
        <test-method is-config="true" signature="tearDown()[pri:0, instance:TestCases.AddCustomerPageTest@6497b078]" started-at="2021-01-19T16:45:25 EST" name="tearDown" finished-at="2021-01-19T16:45:26 EST" duration-ms="892" status="PASS">
          <reporter-output>
          </reporter-output>
        </test-method> <!-- tearDown -->
      </class> <!-- TestCases.AddCustomerPageTest -->
      <class name="TestCases.HomePageTest">
        <test-method is-config="true" signature="browserInitilization()[pri:0, instance:TestCases.HomePageTest@1329eff]" started-at="2021-01-19T16:44:55 EST" name="browserInitilization" finished-at="2021-01-19T16:45:08 EST" duration-ms="13236" status="PASS">
          <reporter-output>
          </reporter-output>
        </test-method> <!-- browserInitilization -->
        <test-method signature="validatingHomePageTest()[pri:1, instance:TestCases.HomePageTest@1329eff]" started-at="2021-01-19T16:45:21 EST" name="validatingHomePageTest" finished-at="2021-01-19T16:45:21 EST" duration-ms="90" status="PASS">
          <reporter-output>
          </reporter-output>
        </test-method> <!-- validatingHomePageTest -->
        <test-method signature="gettingAddCustomerPageTest()[pri:2, instance:TestCases.HomePageTest@1329eff]" started-at="2021-01-19T16:45:21 EST" name="gettingAddCustomerPageTest" finished-at="2021-01-19T16:45:23 EST" duration-ms="1505" status="PASS">
          <reporter-output>
          </reporter-output>
        </test-method> <!-- gettingAddCustomerPageTest -->
        <test-method is-config="true" signature="tearDown()[pri:0, instance:TestCases.HomePageTest@1329eff]" started-at="2021-01-19T16:45:26 EST" name="tearDown" finished-at="2021-01-19T16:45:26 EST" duration-ms="1" status="PASS">
          <reporter-output>
          </reporter-output>
        </test-method> <!-- tearDown -->
      </class> <!-- TestCases.HomePageTest -->
      <class name="TestCases.LoginPageTest">
        <test-method is-config="true" signature="launchBrowser()[pri:0, instance:TestCases.LoginPageTest@c03cf28]" started-at="2021-01-19T16:45:08 EST" name="launchBrowser" finished-at="2021-01-19T16:45:15 EST" duration-ms="7047" status="PASS">
          <reporter-output>
          </reporter-output>
        </test-method> <!-- launchBrowser -->
        <test-method signature="validatingLoginPageTest()[pri:1, instance:TestCases.LoginPageTest@c03cf28]" started-at="2021-01-19T16:45:15 EST" name="validatingLoginPageTest" finished-at="2021-01-19T16:45:15 EST" duration-ms="17" status="PASS">
          <reporter-output>
          </reporter-output>
        </test-method> <!-- validatingLoginPageTest -->
        <test-method signature="loginFeatureTest()[pri:2, instance:TestCases.LoginPageTest@c03cf28]" started-at="2021-01-19T16:45:15 EST" name="loginFeatureTest" finished-at="2021-01-19T16:45:21 EST" duration-ms="5729" status="PASS">
          <reporter-output>
          </reporter-output>
        </test-method> <!-- loginFeatureTest -->
        <test-method is-config="true" signature="tearDown()[pri:0, instance:TestCases.LoginPageTest@c03cf28]" started-at="2021-01-19T16:45:26 EST" name="tearDown" finished-at="2021-01-19T16:45:26 EST" duration-ms="0" status="PASS">
          <reporter-output>
          </reporter-output>
        </test-method> <!-- tearDown -->
      </class> <!-- TestCases.LoginPageTest -->
    </test> <!-- Test -->
  </suite> <!-- Suite -->
</testng-results>
